Using pre-set license
Built from '2020.3/staging' branch; Version is '2020.3.6f1 (338bb68529b2) revision 3378102'; Using compiler version '192528614'; Build Type 'Release'
OS: 'Windows 10 Pro; OS build 19042.1083; Version 2009; 64bit' Language: 'en' Physical Memory: 16325 MB
BatchMode: 1, IsHumanControllingUs: 0, StartBugReporterOnCrash: 0, Is64bit: 1, IsPro: 0

 COMMAND LINE ARGUMENTS:
D:\UnityHubInstalls\2020.3.6f1\Editor\Unity.exe
-adb2
-batchMode
-noUpm
-name
AssetImportWorker0
-projectPath
D:/SourceTreeProjects/SampleInfiniteRunner/RunnerProject_2020_3
-logFile
Logs/AssetImportWorker0.log
-srvPort
12400
Successfully changed project path to: D:/SourceTreeProjects/SampleInfiniteRunner/RunnerProject_2020_3
D:/SourceTreeProjects/SampleInfiniteRunner/RunnerProject_2020_3
Using Asset Import Pipeline V2.
Refreshing native plugins compatible for Editor in 48.70 ms, found 0 plugins.
Preloading 0 native plugins for Editor in 0.00 ms.
Initialize engine version: 2020.3.6f1 (338bb68529b2)
[Subsystems] Discovering subsystems at path D:/UnityHubInstalls/2020.3.6f1/Editor/Data/Resources/UnitySubsystems
[Subsystems] Discovering subsystems at path D:/SourceTreeProjects/SampleInfiniteRunner/RunnerProject_2020_3/Assets
GfxDevice: creating device client; threaded=0
Direct3D:
    Version:  Direct3D 11.0 [level 11.1]
    Renderer: NVIDIA GeForce GTX 1080 (ID=0x1b80)
    Vendor:   
    VRAM:     8079 MB
    Driver:   30.0.14.7111
Shader 'Universal Render Pipeline/Particles/Lit': fallback shader 'Universal Render Pipeline/Particles/SimpleLit' not found
Initialize mono
Mono path[0] = 'D:/UnityHubInstalls/2020.3.6f1/Editor/Data/Managed'
Mono path[1] = 'D:/UnityHubInstalls/2020.3.6f1/Editor/Data/MonoBleedingEdge/lib/mono/unityjit'
Mono config path = 'D:/UnityHubInstalls/2020.3.6f1/Editor/Data/MonoBleedingEdge/etc'
Using monoOptions --debugger-agent=transport=dt_socket,embedding=1,server=y,suspend=n,address=127.0.0.1:56120
Begin MonoManager ReloadAssembly
Registering precompiled unity dll's ...
Register platform support module: D:/UnityHubInstalls/2020.3.6f1/Editor/Data/PlaybackEngines/WindowsStandaloneSupport/UnityEditor.WindowsStandalone.Extensions.dll
Registered in 0.001334 seconds.
Native extension for WindowsStandalone target not found
Refreshing native plugins compatible for Editor in 48.63 ms, found 0 plugins.
Preloading 0 native plugins for Editor in 0.00 ms.
Mono: successfully reloaded assembly
- Completed reload, in  1.380 seconds
Platform modules already initialized, skipping
Registering precompiled user dll's ...
Registered in 0.001375 seconds.
Begin MonoManager ReloadAssembly
Native extension for WindowsStandalone target not found
Refreshing native plugins compatible for Editor in 55.02 ms, found 0 plugins.
Preloading 0 native plugins for Editor in 0.00 ms.
Mono: successfully reloaded assembly
- Completed reload, in  1.389 seconds
Platform modules already initialized, skipping
========================================================================
Worker process is ready to serve import requests
Shader 'Universal Render Pipeline/Particles/Lit': fallback shader 'Universal Render Pipeline/Particles/SimpleLit' not found
Launched and connected shader compiler UnityShaderCompiler.exe after 0.08 seconds
Refreshing native plugins compatible for Editor in 0.74 ms, found 0 plugins.
Preloading 0 native plugins for Editor in 0.00 ms.
Unloading 2862 Unused Serialized files (Serialized files now loaded: 0)
System memory in use before: 128.2 MB.
System memory in use after: 128.4 MB.

Unloading 12 unused Assets to reduce memory usage. Loaded Objects now: 3306.
Total: 2.986900 ms (FindLiveObjects: 0.387600 ms CreateObjectMapping: 0.217000 ms MarkObjects: 2.296300 ms  DeleteObjects: 0.084500 ms)

========================================================================
Received Import Request.
  path: Assets/InfiniteRunnerProject/Runner/Runner.cs
  artifactKey: Guid(2645b9dfb4986f44aafe9357f2f15e70) Importer(815301076,1909f56bfc062723c751e8b465ee728b)
Start importing Assets/InfiniteRunnerProject/Runner/Runner.cs using Guid(2645b9dfb4986f44aafe9357f2f15e70) Importer(815301076,1909f56bfc062723c751e8b465ee728b)  -> (artifact id: '444e80a98c3d586c5c17d51ab7d160a6') in 0.098523 seconds
  Import took 0.105960 seconds .

========================================================================
Received Prepare
Registering precompiled user dll's ...
Registered in 0.001459 seconds.
Begin MonoManager ReloadAssembly
Native extension for WindowsStandalone target not found
Refreshing native plugins compatible for Editor in 0.44 ms, found 0 plugins.
Preloading 0 native plugins for Editor in 0.00 ms.
Mono: successfully reloaded assembly
- Completed reload, in  1.038 seconds
Platform modules already initialized, skipping
Shader 'Universal Render Pipeline/Particles/Lit': fallback shader 'Universal Render Pipeline/Particles/SimpleLit' not found
Refreshing native plugins compatible for Editor in 0.42 ms, found 0 plugins.
Preloading 0 native plugins for Editor in 0.00 ms.
Unloading 2753 Unused Serialized files (Serialized files now loaded: 0)
System memory in use before: 121.3 MB.
System memory in use after: 121.5 MB.

Unloading 5 unused Assets to reduce memory usage. Loaded Objects now: 3309.
Total: 3.510500 ms (FindLiveObjects: 0.570800 ms CreateObjectMapping: 0.224900 ms MarkObjects: 2.688700 ms  DeleteObjects: 0.025100 ms)

========================================================================
Received Prepare
Registering precompiled user dll's ...
Registered in 0.001384 seconds.
Begin MonoManager ReloadAssembly
Native extension for WindowsStandalone target not found
Refreshing native plugins compatible for Editor in 0.41 ms, found 0 plugins.
Preloading 0 native plugins for Editor in 0.00 ms.
Mono: successfully reloaded assembly
- Completed reload, in  0.877 seconds
Platform modules already initialized, skipping
Shader 'Universal Render Pipeline/Particles/Lit': fallback shader 'Universal Render Pipeline/Particles/SimpleLit' not found
Refreshing native plugins compatible for Editor in 0.42 ms, found 0 plugins.
Preloading 0 native plugins for Editor in 0.00 ms.
Unloading 2753 Unused Serialized files (Serialized files now loaded: 0)
System memory in use before: 121.4 MB.
System memory in use after: 121.6 MB.

Unloading 5 unused Assets to reduce memory usage. Loaded Objects now: 3312.
Total: 2.298300 ms (FindLiveObjects: 0.269600 ms CreateObjectMapping: 0.141600 ms MarkObjects: 1.868200 ms  DeleteObjects: 0.017800 ms)

========================================================================
Received Prepare
Registering precompiled user dll's ...
Registered in 0.001348 seconds.
Begin MonoManager ReloadAssembly
Native extension for WindowsStandalone target not found
Refreshing native plugins compatible for Editor in 0.41 ms, found 0 plugins.
Preloading 0 native plugins for Editor in 0.00 ms.
Mono: successfully reloaded assembly
- Completed reload, in  0.932 seconds
Platform modules already initialized, skipping
Shader 'Universal Render Pipeline/Particles/Lit': fallback shader 'Universal Render Pipeline/Particles/SimpleLit' not found
Refreshing native plugins compatible for Editor in 0.43 ms, found 0 plugins.
Preloading 0 native plugins for Editor in 0.00 ms.
Unloading 2753 Unused Serialized files (Serialized files now loaded: 0)
System memory in use before: 121.4 MB.
System memory in use after: 121.6 MB.

Unloading 5 unused Assets to reduce memory usage. Loaded Objects now: 3315.
Total: 2.127900 ms (FindLiveObjects: 0.269400 ms CreateObjectMapping: 0.109900 ms MarkObjects: 1.731600 ms  DeleteObjects: 0.016100 ms)

========================================================================
Received Import Request.
  Time since last request: 1022.122381 seconds.
  path: Assets/InfiniteRunnerProject/GameCamera/GameCamera.prefab
  artifactKey: Guid(336101974760e7a439a91d8df97fac18) Importer(815301076,1909f56bfc062723c751e8b465ee728b)
Start importing Assets/InfiniteRunnerProject/GameCamera/GameCamera.prefab using Guid(336101974760e7a439a91d8df97fac18) Importer(815301076,1909f56bfc062723c751e8b465ee728b)  -> (artifact id: '7760d09343c29db67264bf82e450fb04') in 0.044458 seconds
  Import took 0.048984 seconds .

========================================================================
Received Import Request.
  Time since last request: 0.000688 seconds.
  path: Assets/InfiniteRunnerProject/GameCamera/GameCamera.prefab
  artifactKey: Guid(336101974760e7a439a91d8df97fac18) Importer(815301076,1909f56bfc062723c751e8b465ee728b)
Start importing Assets/InfiniteRunnerProject/GameCamera/GameCamera.prefab using Guid(336101974760e7a439a91d8df97fac18) Importer(815301076,1909f56bfc062723c751e8b465ee728b)  -> (artifact id: '7760d09343c29db67264bf82e450fb04') in 0.003596 seconds
  Import took 0.008055 seconds .

========================================================================
Received Import Request.
  Time since last request: 4.289869 seconds.
  path: Assets/InfiniteRunnerProject/GameCamera/GameCamera.prefab
  artifactKey: Guid(336101974760e7a439a91d8df97fac18) Importer(815301076,1909f56bfc062723c751e8b465ee728b)
Start importing Assets/InfiniteRunnerProject/GameCamera/GameCamera.prefab using Guid(336101974760e7a439a91d8df97fac18) Importer(815301076,1909f56bfc062723c751e8b465ee728b)  -> (artifact id: '60c1a4a61d80196de7d1f0d5d3a64e8d') in 0.003396 seconds
  Import took 0.015974 seconds .

========================================================================
Received Prepare
Registering precompiled user dll's ...
Registered in 0.001418 seconds.
Begin MonoManager ReloadAssembly
Native extension for WindowsStandalone target not found
Refreshing native plugins compatible for Editor in 0.49 ms, found 0 plugins.
Preloading 0 native plugins for Editor in 0.00 ms.
Mono: successfully reloaded assembly
- Completed reload, in  0.897 seconds
Platform modules already initialized, skipping
Shader 'Universal Render Pipeline/Particles/Lit': fallback shader 'Universal Render Pipeline/Particles/SimpleLit' not found
Refreshing native plugins compatible for Editor in 0.42 ms, found 0 plugins.
Preloading 0 native plugins for Editor in 0.00 ms.
Unloading 2753 Unused Serialized files (Serialized files now loaded: 0)
System memory in use before: 121.4 MB.
System memory in use after: 121.7 MB.

Unloading 5 unused Assets to reduce memory usage. Loaded Objects now: 3318.
Total: 2.752400 ms (FindLiveObjects: 0.265100 ms CreateObjectMapping: 0.139800 ms MarkObjects: 2.315600 ms  DeleteObjects: 0.030300 ms)

========================================================================
Received Prepare
Registering precompiled user dll's ...
Registered in 0.001375 seconds.
Begin MonoManager ReloadAssembly
Native extension for WindowsStandalone target not found
Refreshing native plugins compatible for Editor in 0.40 ms, found 0 plugins.
Preloading 0 native plugins for Editor in 0.00 ms.
Mono: successfully reloaded assembly
- Completed reload, in  0.863 seconds
Platform modules already initialized, skipping
Shader 'Universal Render Pipeline/Particles/Lit': fallback shader 'Universal Render Pipeline/Particles/SimpleLit' not found
Refreshing native plugins compatible for Editor in 0.41 ms, found 0 plugins.
Preloading 0 native plugins for Editor in 0.00 ms.
Unloading 2753 Unused Serialized files (Serialized files now loaded: 0)
System memory in use before: 121.4 MB.
System memory in use after: 121.7 MB.

Unloading 5 unused Assets to reduce memory usage. Loaded Objects now: 3321.
Total: 2.335200 ms (FindLiveObjects: 0.275000 ms CreateObjectMapping: 0.146200 ms MarkObjects: 1.896200 ms  DeleteObjects: 0.017000 ms)

========================================================================
Received Import Request.
  Time since last request: 82.520394 seconds.
  path: Assets/InfiniteRunnerProject/AttackData.cs
  artifactKey: Guid(1d8b57670cd82254886c93a5279e1d66) Importer(815301076,1909f56bfc062723c751e8b465ee728b)
Start importing Assets/InfiniteRunnerProject/AttackData.cs using Guid(1d8b57670cd82254886c93a5279e1d66) Importer(815301076,1909f56bfc062723c751e8b465ee728b)  -> (artifact id: 'd671adcb396b4a3b05a3fe1d3aaed1c1') in 0.009080 seconds
  Import took 0.031443 seconds .

========================================================================
Received Import Request.
  Time since last request: 2.725047 seconds.
  path: Assets/InfiniteRunnerProject/CollisionData.cs
  artifactKey: Guid(08ed648e8774d6842ad1c6f5a400dcf0) Importer(815301076,1909f56bfc062723c751e8b465ee728b)
Start importing Assets/InfiniteRunnerProject/CollisionData.cs using Guid(08ed648e8774d6842ad1c6f5a400dcf0) Importer(815301076,1909f56bfc062723c751e8b465ee728b)  -> (artifact id: 'b4e4086f0fc429b9e3911dcc80073b39') in 0.006851 seconds
  Import took 0.010866 seconds .

========================================================================
Received Import Request.
  Time since last request: 0.000521 seconds.
  path: Assets/InfiniteRunnerProject/CollisionData.cs
  artifactKey: Guid(08ed648e8774d6842ad1c6f5a400dcf0) Importer(815301076,1909f56bfc062723c751e8b465ee728b)
Start importing Assets/InfiniteRunnerProject/CollisionData.cs using Guid(08ed648e8774d6842ad1c6f5a400dcf0) Importer(815301076,1909f56bfc062723c751e8b465ee728b)  -> (artifact id: 'b4e4086f0fc429b9e3911dcc80073b39') in 0.001757 seconds
  Import took 0.006392 seconds .

========================================================================
Received Prepare
Registering precompiled user dll's ...
Registered in 0.001355 seconds.
Begin MonoManager ReloadAssembly
Native extension for WindowsStandalone target not found
Refreshing native plugins compatible for Editor in 0.42 ms, found 0 plugins.
Preloading 0 native plugins for Editor in 0.00 ms.
Mono: successfully reloaded assembly
- Completed reload, in  0.859 seconds
Platform modules already initialized, skipping
Shader 'Universal Render Pipeline/Particles/Lit': fallback shader 'Universal Render Pipeline/Particles/SimpleLit' not found
Refreshing native plugins compatible for Editor in 0.42 ms, found 0 plugins.
Preloading 0 native plugins for Editor in 0.00 ms.
Unloading 2752 Unused Serialized files (Serialized files now loaded: 0)
System memory in use before: 121.4 MB.
System memory in use after: 121.7 MB.

Unloading 6 unused Assets to reduce memory usage. Loaded Objects now: 3323.
Total: 2.238800 ms (FindLiveObjects: 0.265800 ms CreateObjectMapping: 0.119800 ms MarkObjects: 1.836600 ms  DeleteObjects: 0.015500 ms)

========================================================================
Received Prepare
Registering precompiled user dll's ...
Registered in 0.001358 seconds.
Begin MonoManager ReloadAssembly
Native extension for WindowsStandalone target not found
Refreshing native plugins compatible for Editor in 0.44 ms, found 0 plugins.
Preloading 0 native plugins for Editor in 0.00 ms.
Mono: successfully reloaded assembly
- Completed reload, in  0.915 seconds
Platform modules already initialized, skipping
Shader 'Universal Render Pipeline/Particles/Lit': fallback shader 'Universal Render Pipeline/Particles/SimpleLit' not found
Refreshing native plugins compatible for Editor in 0.42 ms, found 0 plugins.
Preloading 0 native plugins for Editor in 0.00 ms.
Unloading 2752 Unused Serialized files (Serialized files now loaded: 0)
System memory in use before: 121.5 MB.
System memory in use after: 121.8 MB.

Unloading 5 unused Assets to reduce memory usage. Loaded Objects now: 3326.
Total: 2.486500 ms (FindLiveObjects: 0.278100 ms CreateObjectMapping: 0.142300 ms MarkObjects: 2.045800 ms  DeleteObjects: 0.019300 ms)

========================================================================
Received Prepare
Registering precompiled user dll's ...
Registered in 0.001357 seconds.
Begin MonoManager ReloadAssembly
Native extension for WindowsStandalone target not found
Refreshing native plugins compatible for Editor in 0.44 ms, found 0 plugins.
Preloading 0 native plugins for Editor in 0.00 ms.
Mono: successfully reloaded assembly
- Completed reload, in  0.890 seconds
Platform modules already initialized, skipping
Shader 'Universal Render Pipeline/Particles/Lit': fallback shader 'Universal Render Pipeline/Particles/SimpleLit' not found
Refreshing native plugins compatible for Editor in 0.45 ms, found 0 plugins.
Preloading 0 native plugins for Editor in 0.00 ms.
Unloading 2752 Unused Serialized files (Serialized files now loaded: 0)
System memory in use before: 121.5 MB.
System memory in use after: 121.8 MB.

Unloading 5 unused Assets to reduce memory usage. Loaded Objects now: 3329.
Total: 2.044800 ms (FindLiveObjects: 0.262600 ms CreateObjectMapping: 0.129200 ms MarkObjects: 1.635100 ms  DeleteObjects: 0.016400 ms)

